bypass/build/outputs/logs/manifest-merger-release-report.txt
-- Merging decision tree log ---
manifest
ADDED from src\main\AndroidManifest.xml:6:1-10:12
INJECTED from src\main\AndroidManifest.xml:6:1-10:12
INJECTED from src\main\AndroidManifest.xml:6:1-10:12
INJECTED from src\main\AndroidManifest.xml:6:1-10:12
INJECTED from src\main\AndroidManifest.xml:6:1-10:12
INJECTED from src\main\AndroidManifest.xml:6:1-10:12
INJECTED from src\main\AndroidManifest.xml:6:1-10:12
	package
		ADDED from src\main\AndroidManifest.xml:7:2-35
		INJECTED from src\main\AndroidManifest.xml
		INJECTED from src\main\AndroidManifest.xml
	android:versionName
		INJECTED from src\main\AndroidManifest.xml
		ADDED from src\main\AndroidManifest.xml:6:1-10:12
		INJECTED from src\main\AndroidManifest.xml
	android:versionCode
		INJECTED from src\main\AndroidManifest.xml
		ADDED from src\main\AndroidManifest.xml:6:1-10:12
		INJECTED from src\main\AndroidManifest.xml
	xmlns:android
		ADDED from src\main\AndroidManifest.xml:6:11-69
application
ADDED from src\main\AndroidManifest.xml:9:2-50
	android:label
		ADDED from src\main\AndroidManifest.xml:9:15-47
uses-sdk
INJECTED from src\main\AndroidManifest.xml reason: use-sdk injection requested
INJECTED from src\main\AndroidManifest.xml
INJECTED from src\main\AndroidManifest.xml
INJECTED from src\main\AndroidManifest.xml
INJECTED from src\main\AndroidManifest.xml
	android:targetSdkVersion
		INJECTED from src\main\AndroidManifest.xml
		ADDED from src\main\AndroidManifest.xml
		INJECTED from src\main\AndroidManifest.xml
	android:minSdkVersion
		INJECTED from src\main\AndroidManifest.xml
		ADDED from src\main\AndroidManifest.xml
		INJECTED from src\main\AndroidManifest.xml